# JRE version: OpenJDK Runtime Environment Microsoft-8035246 (17.0.8+7) (build 17.0.8+7-LTS)
# Java VM: OpenJDK 64-Bit Server VM Microsoft-8035246 (17.0.8+7-LTS, mixed mode, sharing, tiered, compressed oops, compressed class ptrs, g1 gc, windows-amd64)
GC Precious Log:
 CPUs: 4 total, 4 available
 Memory: 16259M
 Large Page Support: Disabled
 NUMA Support: Disabled
 Compressed Oops: Enabled (32-bit)
 Heap Region Size: 1M
 Heap Min Capacity: 8M
 Heap Initial Capacity: 256M
 Heap Max Capacity: 2G
 Pre-touch: Disabled
 Parallel Workers: 4
 Concurrent Workers: 1
 Concurrent Refinement Workers: 4
 Periodic GC: Disabled
Heap:
 garbage-first heap   total 328704K, used 171993K [0x0000000080000000, 0x0000000100000000)
  region size 1024K, 14 young (14336K), 8 survivors (8192K)
 Metaspace       used 103994K, committed 104960K, reserved 557056K
  class space    used 14311K, committed 14784K, reserved 425984K
GC Heap History (20 events):
Event: 23.839 GC heap before
{Heap before GC invocations=38 (full 0):
 garbage-first heap   total 165888K, used 129845K [0x0000000080000000, 0x0000000100000000)
  region size 1024K, 46 young (47104K), 3 survivors (3072K)
 Metaspace       used 77957K, committed 78720K, reserved 557056K
  class space    used 10816K, committed 11136K, reserved 425984K
}
Event: 23.848 GC heap after
{Heap after GC invocations=39 (full 0):
 garbage-first heap   total 165888K, used 87969K [0x0000000080000000, 0x0000000100000000)
  region size 1024K, 5 young (5120K), 5 survivors (5120K)
 Metaspace       used 77957K, committed 78720K, reserved 557056K
  class space    used 10816K, committed 11136K, reserved 425984K
}
Event: 23.873 GC heap before
{Heap before GC invocations=39 (full 0):
 garbage-first heap   total 165888K, used 91041K [0x0000000080000000, 0x0000000100000000)
  region size 1024K, 8 young (8192K), 5 survivors (5120K)
 Metaspace       used 77957K, committed 78720K, reserved 557056K
  class space    used 10816K, committed 11136K, reserved 425984K
}
Event: 23.881 GC heap after
{Heap after GC invocations=40 (full 0):
 garbage-first heap   total 165888K, used 87849K [0x0000000080000000, 0x0000000100000000)
  region size 1024K, 1 young (1024K), 1 survivors (1024K)
 Metaspace       used 77957K, committed 78720K, reserved 557056K
  class space    used 10816K, committed 11136K, reserved 425984K
}
Event: 29.063 GC heap before
{Heap before GC invocations=40 (full 0):
 garbage-first heap   total 165888K, used 131881K [0x0000000080000000, 0x0000000100000000)
  region size 1024K, 44 young (45056K), 1 survivors (1024K)
 Metaspace       used 79450K, committed 80192K, reserved 557056K
  class space    used 11016K, committed 11392K, reserved 425984K
}
Event: 29.069 GC heap after
{Heap after GC invocations=41 (full 0):
 garbage-first heap   total 165888K, used 90986K [0x0000000080000000, 0x0000000100000000)
  region size 1024K, 4 young (4096K), 4 survivors (4096K)
 Metaspace       used 79450K, committed 80192K, reserved 557056K
  class space    used 11016K, committed 11392K, reserved 425984K
}
Event: 29.920 GC heap before
{Heap before GC invocations=42 (full 0):
 garbage-first heap   total 165888K, used 133994K [0x0000000080000000, 0x0000000100000000)
  region size 1024K, 46 young (47104K), 4 survivors (4096K)
 Metaspace       used 82249K, committed 83008K, reserved 557056K
  class space    used 11423K, committed 11776K, reserved 425984K
}
Event: 29.928 GC heap after
{Heap after GC invocations=43 (full 0):
 garbage-first heap   total 165888K, used 92366K [0x0000000080000000, 0x0000000100000000)
  region size 1024K, 2 young (2048K), 2 survivors (2048K)
 Metaspace       used 82249K, committed 83008K, reserved 557056K
  class space    used 11423K, committed 11776K, reserved 425984K
}
Event: 30.026 GC heap before
{Heap before GC invocations=43 (full 0):
 garbage-first heap   total 165888K, used 97486K [0x0000000080000000, 0x0000000100000000)
  region size 1024K, 8 young (8192K), 2 survivors (2048K)
 Metaspace       used 82678K, committed 83392K, reserved 557056K
  class space    used 11512K, committed 11840K, reserved 425984K
}
Event: 30.031 GC heap after
{Heap after GC invocations=44 (full 0):
 garbage-first heap   total 328704K, used 92478K [0x0000000080000000, 0x0000000100000000)
  region size 1024K, 1 young (1024K), 1 survivors (1024K)
 Metaspace       used 82678K, committed 83392K, reserved 557056K
  class space    used 11512K, committed 11840K, reserved 425984K
}
Event: 32.705 GC heap before
{Heap before GC invocations=44 (full 0):
 garbage-first heap   total 328704K, used 256318K [0x0000000080000000, 0x0000000100000000)
  region size 1024K, 155 young (158720K), 1 survivors (1024K)
 Metaspace       used 89414K, committed 90368K, reserved 557056K
  class space    used 12550K, committed 12992K, reserved 425984K
}
Event: 32.725 GC heap after
{Heap after GC invocations=45 (full 0):
 garbage-first heap   total 328704K, used 120115K [0x0000000080000000, 0x0000000100000000)
  region size 1024K, 20 young (20480K), 20 survivors (20480K)
 Metaspace       used 89414K, committed 90368K, reserved 557056K
  class space    used 12550K, committed 12992K, reserved 425984K
}
Event: 35.232 GC heap before
{Heap before GC invocations=45 (full 0):
 garbage-first heap   total 328704K, used 251187K [0x0000000080000000, 0x0000000100000000)
  region size 1024K, 147 young (150528K), 20 survivors (20480K)
 Metaspace       used 96433K, committed 97408K, reserved 557056K
  class space    used 13469K, committed 13952K, reserved 425984K
}
Event: 35.287 GC heap after
{Heap after GC invocations=46 (full 0):
 garbage-first heap   total 328704K, used 137262K [0x0000000080000000, 0x0000000100000000)
  region size 1024K, 16 young (16384K), 16 survivors (16384K)
 Metaspace       used 96433K, committed 97408K, reserved 557056K
  class space    used 13469K, committed 13952K, reserved 425984K
}
Event: 37.377 GC heap before
{Heap before GC invocations=46 (full 0):
 garbage-first heap   total 328704K, used 251950K [0x0000000080000000, 0x0000000100000000)
  region size 1024K, 128 young (131072K), 16 survivors (16384K)
 Metaspace       used 100372K, committed 101376K, reserved 557056K
  class space    used 13941K, committed 14400K, reserved 425984K
}
Event: 37.407 GC heap after
{Heap after GC invocations=47 (full 0):
 garbage-first heap   total 328704K, used 147929K [0x0000000080000000, 0x0000000100000000)
  region size 1024K, 11 young (11264K), 11 survivors (11264K)
 Metaspace       used 100372K, committed 101376K, reserved 557056K
  class space    used 13941K, committed 14400K, reserved 425984K
}
Event: 39.207 GC heap before
{Heap before GC invocations=47 (full 0):
 garbage-first heap   total 328704K, used 260569K [0x0000000080000000, 0x0000000100000000)
  region size 1024K, 117 young (119808K), 11 survivors (11264K)
 Metaspace       used 103704K, committed 104640K, reserved 557056K
  class space    used 14297K, committed 14720K, reserved 425984K
}
Event: 39.249 GC heap after
{Heap after GC invocations=48 (full 0):
 garbage-first heap   total 328704K, used 159705K [0x0000000080000000, 0x0000000100000000)
  region size 1024K, 11 young (11264K), 11 survivors (11264K)
 Metaspace       used 103704K, committed 104640K, reserved 557056K
  class space    used 14297K, committed 14720K, reserved 425984K
}
Event: 40.800 GC heap before
{Heap before GC invocations=48 (full 0):
 garbage-first heap   total 328704K, used 268249K [0x0000000080000000, 0x0000000100000000)
  region size 1024K, 110 young (112640K), 11 survivors (11264K)
 Metaspace       used 103943K, committed 104896K, reserved 557056K
  class space    used 14301K, committed 14784K, reserved 425984K
}
Event: 40.827 GC heap after
{Heap after GC invocations=49 (full 0):
 garbage-first heap   total 328704K, used 166873K [0x0000000080000000, 0x0000000100000000)
  region size 1024K, 8 young (8192K), 8 survivors (8192K)
 Metaspace       used 103943K, committed 104896K, reserved 557056K
  class space    used 14301K, committed 14784K, reserved 425984K
}

